<?xml version="1.0" encoding="UTF-8"?>
<!-- Generated by org.testng.reporters.JUnitReportReporter -->
<testsuite hostname="DESKTOP-K8BONQ9" failures="0" tests="1" name="testdemo.GetandPostExample" time="1.572" errors="0" timestamp="2023-10-04T21:10:25 IST" skipped="0">
  <testcase classname="testdemo.GetandPostExample" name="get" time="1.572"/>
  <system-out/>
</testsuite> <!-- testdemo.GetandPostExample -->
